{
  "RSpec": {
    "coverage": {
      "/Users/claudioduarte/repos/claudio/pokemon/config/environment.rb": {
        "lines": [
          null,
          1,
          null,
          null,
          1
        ]
      },
      "/Users/claudioduarte/repos/claudio/pokemon/config/application.rb": {
        "lines": [
          1,
          null,
          1,
          null,
          null,
          null,
          1,
          null,
          1,
          1,
          null,
          1,
          null,
          null,
          null,
          null,
          null,
          null,
          null,
          null,
          null,
          null
        ]
      },
      "/Users/claudioduarte/repos/claudio/pokemon/config/boot.rb": {
        "lines": [
          1,
          null,
          1,
          1
        ]
      },
      "/Users/claudioduarte/repos/claudio/pokemon/config/environments/test.rb": {
        "lines": [
          1,
          null,
          null,
          null,
          null,
          null,
          null,
          1,
          null,
          null,
          null,
          1,
          null,
          null,
          null,
          null,
          1,
          null,
          null,
          1,
          1,
          null,
          null,
          null,
          null,
          1,
          1,
          1,
          null,
          null,
          1,
          null,
          null,
          1,
          null,
          null,
          1,
          null,
          1,
          null,
          null,
          null,
          null,
          1,
          null,
          null,
          1,
          null,
          null,
          1,
          null,
          null,
          1,
          null,
          null,
          null,
          null,
          null,
          null,
          null
        ]
      },
      "/Users/claudioduarte/repos/claudio/pokemon/config/initializers/assets.rb": {
        "lines": [
          null,
          null,
          null,
          1,
          null,
          null,
          null,
          null,
          null,
          null,
          null,
          null
        ]
      },
      "/Users/claudioduarte/repos/claudio/pokemon/config/initializers/content_security_policy.rb": {
        "lines": [
          null,
          null,
          null,
          null,
          null,
          null,
          null,
          null,
          null,
          null,
          null,
          null,
          null,
          null,
          null,
          null,
          null,
          null,
          null,
          null,
          null,
          null,
          null,
          null,
          null
        ]
      },
      "/Users/claudioduarte/repos/claudio/pokemon/config/initializers/filter_parameter_logging.rb": {
        "lines": [
          null,
          null,
          null,
          null,
          null,
          1,
          null,
          null
        ]
      },
      "/Users/claudioduarte/repos/claudio/pokemon/config/initializers/inflections.rb": {
        "lines": [
          null,
          null,
          null,
          null,
          null,
          null,
          null,
          null,
          null,
          null,
          null,
          null,
          null,
          null,
          null,
          null
        ]
      },
      "/Users/claudioduarte/repos/claudio/pokemon/config/initializers/permissions_policy.rb": {
        "lines": [
          null,
          null,
          null,
          null,
          null,
          null,
          null,
          null,
          null,
          null,
          null
        ]
      },
      "/Users/claudioduarte/repos/claudio/pokemon/config/routes.rb": {
        "lines": [
          1,
          null,
          null,
          null,
          1,
          null,
          1,
          null
        ]
      },
      "/Users/claudioduarte/repos/claudio/pokemon/app/helpers/application_helper.rb": {
        "lines": [
          1,
          null
        ]
      },
      "/Users/claudioduarte/repos/claudio/pokemon/app/helpers/catch_pokemons_helper.rb": {
        "lines": [
          1,
          null
        ]
      },
      "/Users/claudioduarte/repos/claudio/pokemon/app/controllers/catch_pokemons_controller.rb": {
        "lines": [
          1,
          1,
          null,
          1,
          null,
          1,
          7,
          null,
          7,
          4,
          4,
          4,
          null,
          3,
          null,
          null,
          null,
          1,
          null,
          1,
          7,
          null,
          null,
          1,
          7,
          null,
          null,
          1,
          null,
          3,
          null,
          null,
          null,
          3,
          null,
          null
        ]
      },
      "/Users/claudioduarte/repos/claudio/pokemon/app/controllers/application_controller.rb": {
        "lines": [
          1,
          null
        ]
      },
      "/Users/claudioduarte/repos/claudio/pokemon/app/services/catch_pokemon_service.rb": {
        "lines": [
          1,
          1,
          null,
          1,
          7,
          7,
          7,
          7,
          7,
          null,
          null,
          1,
          7,
          null,
          6,
          null,
          4,
          null,
          null,
          1,
          null,
          1,
          6,
          24,
          null,
          null,
          null,
          1,
          4,
          22,
          4,
          4,
          4,
          6,
          4,
          null,
          null,
          22,
          null,
          22,
          null,
          null,
          null,
          1,
          10,
          null,
          null,
          1,
          81,
          null,
          null,
          1,
          22,
          null,
          null,
          null,
          null,
          null,
          null,
          null,
          null,
          null,
          1,
          48,
          null,
          null,
          null,
          null,
          null,
          null,
          null
        ]
      }
    },
    "timestamp": 1682543069
  }
}
